<?xml version="1.0" encoding="UTF-8"?>
<testng-results ignored="0" total="0" passed="0" failed="0" skipped="0">
  <reporter-output>
  </reporter-output>
  <suite started-at="2021-12-18T21:23:31 EST" name="TestHelloWorld_2" finished-at="2021-12-18T21:23:31 EST" duration-ms="26">
    <groups>
    </groups>
    <test started-at="2021-12-18T21:23:31 EST" name="Command line test" finished-at="2021-12-18T21:23:31 EST" duration-ms="26">
    </test> <!-- Command line test -->
  </suite> <!-- TestHelloWorld_2 -->
</testng-results>
